<?xml version="1.0" encoding="UTF-8"?>
<!-- Generated by org.testng.reporters.JUnitXMLReporter -->
<testsuite hostname="DSHYD-LAP-032" ignored="0" name="Paralleltest2" tests="5" failures="3" timestamp="2020-07-15T19:26:43 IST" time="25.938" errors="0">
  <testcase name="select_item_by_category_in_the_application" time="19.859" classname="step_definitions.MobileParallel">
    <failure type="java.lang.AssertionError" message="An unknown server-side error occurred while processing the command. Original error: Could not proxy command to remote server. Original error: Error: socket hang up
Build info: version: &amp;apos;3.141.0&amp;apos;, revision: &amp;apos;2ecb7d9a&amp;apos;, time: &amp;apos;2018-10-31T20:09:30&amp;apos;
System info: host: &amp;apos;DSHYD-LAP-032&amp;apos;, ip: &amp;apos;192.168.137.1&amp;apos;, os.name: &amp;apos;Windows 10&amp;apos;, os.arch: &amp;apos;amd64&amp;apos;, os.version: &amp;apos;10.0&amp;apos;, java.version: &amp;apos;1.8.0_201&amp;apos;
Driver info: io.appium.java_client.android.AndroidDriver
Capabilities {appActivity: com.amazon.mShop.home.HomeA..., appPackage: in.amazon.mShop.android.sho..., automationName: UiAutomator2, databaseEnabled: false, desired: {appActivity: com.amazon.mShop.home.HomeA..., appPackage: in.amazon.mShop.android.sho..., automationName: UiAutomator2, deviceName: emulator-5554, platformName: android, platformVersion: 7.1.1}, deviceApiLevel: 25, deviceManufacturer: Google, deviceModel: Android SDK built for x86, deviceName: emulator-5554, deviceScreenDensity: 480, deviceScreenSize: 1080x1920, deviceUDID: emulator-5554, javascriptEnabled: true, locationContextEnabled: false, networkConnectionEnabled: true, pixelRatio: 3, platform: LINUX, platformName: Android, platformVersion: 7.1.1, statBarHeight: 72, takesScreenshot: true, viewportRect: {height: 1704, left: 0, top: 72, width: 1080}, warnings: {}, webStorageEnabled: false}
Session ID: 17343c4a-aaf4-49a4-8682-3c5191534bef
*** Element info: {Using=id, value=web_home_shop_by_department_label}">
      <![CDATA[java.lang.AssertionError: An unknown server-side error occurred while processing the command. Original error: Could not proxy command to remote server. Original error: Error: socket hang up
Build info: version: '3.141.0', revision: '2ecb7d9a', time: '2018-10-31T20:09:30'
System info: host: 'DSHYD-LAP-032', ip: '192.168.137.1', os.name: 'Windows 10', os.arch: 'amd64', os.version: '10.0', java.version: '1.8.0_201'
Driver info: io.appium.java_client.android.AndroidDriver
Capabilities {appActivity: com.amazon.mShop.home.HomeA..., appPackage: in.amazon.mShop.android.sho..., automationName: UiAutomator2, databaseEnabled: false, desired: {appActivity: com.amazon.mShop.home.HomeA..., appPackage: in.amazon.mShop.android.sho..., automationName: UiAutomator2, deviceName: emulator-5554, platformName: android, platformVersion: 7.1.1}, deviceApiLevel: 25, deviceManufacturer: Google, deviceModel: Android SDK built for x86, deviceName: emulator-5554, deviceScreenDensity: 480, deviceScreenSize: 1080x1920, deviceUDID: emulator-5554, javascriptEnabled: true, locationContextEnabled: false, networkConnectionEnabled: true, pixelRatio: 3, platform: LINUX, platformName: Android, platformVersion: 7.1.1, statBarHeight: 72, takesScreenshot: true, viewportRect: {height: 1704, left: 0, top: 72, width: 1080}, warnings: {}, webStorageEnabled: false}
Session ID: 17343c4a-aaf4-49a4-8682-3c5191534bef
*** Element info: {Using=id, value=web_home_shop_by_department_label}
at step_definitions.MobileParallel.select_item_by_category_in_the_application(MobileParallel.java:124)
at java.util.concurrent.ThreadPoolExecutor.runWorker(Unknown Source)
at java.util.concurrent.ThreadPoolExecutor$Worker.run(Unknown Source)
at java.lang.Thread.run(Unknown Source)
... Removed 13 stack frames]]>
    </failure>
  </testcase> <!-- select_item_by_category_in_the_application -->
  <testcase name="click_on_SKIP_SIGN_in_button" time="19.888" classname="step_definitions.MobileParallel">
    <failure type="java.lang.AssertionError" message="An unknown server-side error occurred while processing the command. Original error: Could not proxy command to remote server. Original error: Error: socket hang up
Build info: version: &amp;apos;3.141.0&amp;apos;, revision: &amp;apos;2ecb7d9a&amp;apos;, time: &amp;apos;2018-10-31T20:09:30&amp;apos;
System info: host: &amp;apos;DSHYD-LAP-032&amp;apos;, ip: &amp;apos;192.168.137.1&amp;apos;, os.name: &amp;apos;Windows 10&amp;apos;, os.arch: &amp;apos;amd64&amp;apos;, os.version: &amp;apos;10.0&amp;apos;, java.version: &amp;apos;1.8.0_201&amp;apos;
Driver info: io.appium.java_client.android.AndroidDriver
Capabilities {appActivity: com.amazon.mShop.home.HomeA..., appPackage: in.amazon.mShop.android.sho..., automationName: UiAutomator2, databaseEnabled: false, desired: {appActivity: com.amazon.mShop.home.HomeA..., appPackage: in.amazon.mShop.android.sho..., automationName: UiAutomator2, deviceName: emulator-5554, platformName: android, platformVersion: 7.1.1}, deviceApiLevel: 25, deviceManufacturer: Google, deviceModel: Android SDK built for x86, deviceName: emulator-5554, deviceScreenDensity: 480, deviceScreenSize: 1080x1920, deviceUDID: emulator-5554, javascriptEnabled: true, locationContextEnabled: false, networkConnectionEnabled: true, pixelRatio: 3, platform: LINUX, platformName: Android, platformVersion: 7.1.1, statBarHeight: 72, takesScreenshot: true, viewportRect: {height: 1704, left: 0, top: 72, width: 1080}, warnings: {}, webStorageEnabled: false}
Session ID: 17343c4a-aaf4-49a4-8682-3c5191534bef">
      <![CDATA[java.lang.AssertionError: An unknown server-side error occurred while processing the command. Original error: Could not proxy command to remote server. Original error: Error: socket hang up
Build info: version: '3.141.0', revision: '2ecb7d9a', time: '2018-10-31T20:09:30'
System info: host: 'DSHYD-LAP-032', ip: '192.168.137.1', os.name: 'Windows 10', os.arch: 'amd64', os.version: '10.0', java.version: '1.8.0_201'
Driver info: io.appium.java_client.android.AndroidDriver
Capabilities {appActivity: com.amazon.mShop.home.HomeA..., appPackage: in.amazon.mShop.android.sho..., automationName: UiAutomator2, databaseEnabled: false, desired: {appActivity: com.amazon.mShop.home.HomeA..., appPackage: in.amazon.mShop.android.sho..., automationName: UiAutomator2, deviceName: emulator-5554, platformName: android, platformVersion: 7.1.1}, deviceApiLevel: 25, deviceManufacturer: Google, deviceModel: Android SDK built for x86, deviceName: emulator-5554, deviceScreenDensity: 480, deviceScreenSize: 1080x1920, deviceUDID: emulator-5554, javascriptEnabled: true, locationContextEnabled: false, networkConnectionEnabled: true, pixelRatio: 3, platform: LINUX, platformName: Android, platformVersion: 7.1.1, statBarHeight: 72, takesScreenshot: true, viewportRect: {height: 1704, left: 0, top: 72, width: 1080}, warnings: {}, webStorageEnabled: false}
Session ID: 17343c4a-aaf4-49a4-8682-3c5191534bef
at step_definitions.MobileParallel.click_on_SKIP_SIGN_in_button(MobileParallel.java:112)
at java.util.concurrent.ThreadPoolExecutor.runWorker(Unknown Source)
at java.util.concurrent.ThreadPoolExecutor$Worker.run(Unknown Source)
at java.lang.Thread.run(Unknown Source)
... Removed 13 stack frames]]>
    </failure>
  </testcase> <!-- click_on_SKIP_SIGN_in_button -->
  <testcase name="verify_selected_item_is_added_to_cart_on_screen" time="19.902" classname="step_definitions.MobileParallel">
    <failure type="java.lang.AssertionError" message="An unknown server-side error occurred while processing the command. Original error: Could not proxy command to remote server. Original error: Error: socket hang up
Build info: version: &amp;apos;3.141.0&amp;apos;, revision: &amp;apos;2ecb7d9a&amp;apos;, time: &amp;apos;2018-10-31T20:09:30&amp;apos;
System info: host: &amp;apos;DSHYD-LAP-032&amp;apos;, ip: &amp;apos;192.168.137.1&amp;apos;, os.name: &amp;apos;Windows 10&amp;apos;, os.arch: &amp;apos;amd64&amp;apos;, os.version: &amp;apos;10.0&amp;apos;, java.version: &amp;apos;1.8.0_201&amp;apos;
Driver info: io.appium.java_client.android.AndroidDriver
Capabilities {appActivity: com.amazon.mShop.home.HomeA..., appPackage: in.amazon.mShop.android.sho..., automationName: UiAutomator2, databaseEnabled: false, desired: {appActivity: com.amazon.mShop.home.HomeA..., appPackage: in.amazon.mShop.android.sho..., automationName: UiAutomator2, deviceName: emulator-5554, platformName: android, platformVersion: 7.1.1}, deviceApiLevel: 25, deviceManufacturer: Google, deviceModel: Android SDK built for x86, deviceName: emulator-5554, deviceScreenDensity: 480, deviceScreenSize: 1080x1920, deviceUDID: emulator-5554, javascriptEnabled: true, locationContextEnabled: false, networkConnectionEnabled: true, pixelRatio: 3, platform: LINUX, platformName: Android, platformVersion: 7.1.1, statBarHeight: 72, takesScreenshot: true, viewportRect: {height: 1704, left: 0, top: 72, width: 1080}, warnings: {}, webStorageEnabled: false}
Session ID: 17343c4a-aaf4-49a4-8682-3c5191534bef">
      <![CDATA[java.lang.AssertionError: An unknown server-side error occurred while processing the command. Original error: Could not proxy command to remote server. Original error: Error: socket hang up
Build info: version: '3.141.0', revision: '2ecb7d9a', time: '2018-10-31T20:09:30'
System info: host: 'DSHYD-LAP-032', ip: '192.168.137.1', os.name: 'Windows 10', os.arch: 'amd64', os.version: '10.0', java.version: '1.8.0_201'
Driver info: io.appium.java_client.android.AndroidDriver
Capabilities {appActivity: com.amazon.mShop.home.HomeA..., appPackage: in.amazon.mShop.android.sho..., automationName: UiAutomator2, databaseEnabled: false, desired: {appActivity: com.amazon.mShop.home.HomeA..., appPackage: in.amazon.mShop.android.sho..., automationName: UiAutomator2, deviceName: emulator-5554, platformName: android, platformVersion: 7.1.1}, deviceApiLevel: 25, deviceManufacturer: Google, deviceModel: Android SDK built for x86, deviceName: emulator-5554, deviceScreenDensity: 480, deviceScreenSize: 1080x1920, deviceUDID: emulator-5554, javascriptEnabled: true, locationContextEnabled: false, networkConnectionEnabled: true, pixelRatio: 3, platform: LINUX, platformName: Android, platformVersion: 7.1.1, statBarHeight: 72, takesScreenshot: true, viewportRect: {height: 1704, left: 0, top: 72, width: 1080}, warnings: {}, webStorageEnabled: false}
Session ID: 17343c4a-aaf4-49a4-8682-3c5191534bef
at step_definitions.MobileParallel.verify_selected_item_is_added_to_cart_on_screen(MobileParallel.java:160)
at java.util.concurrent.ThreadPoolExecutor.runWorker(Unknown Source)
at java.util.concurrent.ThreadPoolExecutor$Worker.run(Unknown Source)
at java.lang.Thread.run(Unknown Source)
... Removed 13 stack frames]]>
    </failure>
  </testcase> <!-- verify_selected_item_is_added_to_cart_on_screen -->
  <testcase name="add_selected_item_to_cart_on_the_screen" time="20.91" classname="step_definitions.MobileParallel"/>
  <testcase name="open_the_amazon_apk_file" time="25.891" classname="step_definitions.MobileParallel"/>
</testsuite> <!-- Paralleltest2 -->
