<?xml version="1.0" encoding="UTF-8"?>
<!-- Generated by org.testng.reporters.JUnitXMLReporter -->
<testsuite hostname="DSHYD-LAP-032" ignored="0" tests="0" failures="0" timestamp="2020-07-13T10:41:55 IST" time="41.435" errors="0">
  <testcase name="@BeforeTest open_the_amazon_apk_file" time="41.419" classname="step_definitions.MobileParallel">
    <failure type="org.openqa.selenium.SessionNotCreatedException" message="Unable to create a new remote session. Please check the server log for more details. Original error: An unknown server-side error occurred while processing the command. Original error: Error executing adbExec. Original error: &amp;apos;Command &amp;apos;C:\\Users\\Praveen\\AppData\\Local\\Android\\Sdk\\platform-tools\\adb.exe -P 5037 -s emulator-5554 install -r C:\\Users\\Praveen\\AppData\\Local\\Temp\\2020613-24916-1ulpd9i.w1dd\\appium-uiautomator2-server-debug-androidTest.apk&amp;apos; exited with code 1&amp;apos;; Stderr: &amp;apos;adb: failed to install C:\Users\Praveen\AppData\Local\Temp\2020613-24916-1ulpd9i.w1dd\appium-uiautomator2-server-debug-androidTest.apk: Failure [INSTALL_PARSE_FAILED_NO_CERTIFICATES: Failed to collect certificates from /data/app/vmdl1029972389.tmp/base.apk: META-INF/CERT.SF has invalid digest for javax/annotation/meta/Exclusive.java in /data/app/vmdl1029972389.tmp/base.apk]&amp;apos;; Code: &amp;apos;1&amp;apos;
Build info: version: &amp;apos;3.141.0&amp;apos;, revision: &amp;apos;2ecb7d9a&amp;apos;, time: &amp;apos;2018-10-31T20:09:30&amp;apos;
System info: host: &amp;apos;DSHYD-LAP-032&amp;apos;, ip: &amp;apos;192.168.137.1&amp;apos;, os.name: &amp;apos;Windows 10&amp;apos;, os.arch: &amp;apos;amd64&amp;apos;, os.version: &amp;apos;10.0&amp;apos;, java.version: &amp;apos;1.8.0_201&amp;apos;
Driver info: driver.version: AndroidDriver
remote stacktrace: UnknownError: An unknown server-side error occurred while processing the command. Original error: Error executing adbExec. Original error: &amp;apos;Command &amp;apos;C:\\Users\\Praveen\\AppData\\Local\\Android\\Sdk\\platform-tools\\adb.exe -P 5037 -s emulator-5554 install -r C:\\Users\\Praveen\\AppData\\Local\\Temp\\2020613-24916-1ulpd9i.w1dd\\appium-uiautomator2-server-debug-androidTest.apk&amp;apos; exited with code 1&amp;apos;; Stderr: &amp;apos;adb: failed to install C:\Users\Praveen\AppData\Local\Temp\2020613-24916-1ulpd9i.w1dd\appium-uiautomator2-server-debug-androidTest.apk: Failure [INSTALL_PARSE_FAILED_NO_CERTIFICATES: Failed to collect certificates from /data/app/vmdl1029972389.tmp/base.apk: META-INF/CERT.SF has invalid digest for javax/annotation/meta/Exclusive.java in /data/app/vmdl1029972389.tmp/base.apk]&amp;apos;; Code: &amp;apos;1&amp;apos;
    at getResponseForW3CError (C:\Program Files\Appium\resources\app\node_modules\appium\node_modules\appium-base-driver\lib\protocol\errors.js:804:9)
    at asyncHandler (C:\Program Files\Appium\resources\app\node_modules\appium\node_modules\appium-base-driver\lib\protocol\protocol.js:392:37)
Build info: version: &amp;apos;3.141.0&amp;apos;, revision: &amp;apos;2ecb7d9a&amp;apos;, time: &amp;apos;2018-10-31T20:09:30&amp;apos;
System info: host: &amp;apos;DSHYD-LAP-032&amp;apos;, ip: &amp;apos;192.168.137.1&amp;apos;, os.name: &amp;apos;Windows 10&amp;apos;, os.arch: &amp;apos;amd64&amp;apos;, os.version: &amp;apos;10.0&amp;apos;, java.version: &amp;apos;1.8.0_201&amp;apos;
Driver info: driver.version: AndroidDriver">
      <![CDATA[org.openqa.selenium.SessionNotCreatedException: Unable to create a new remote session. Please check the server log for more details. Original error: An unknown server-side error occurred while processing the command. Original error: Error executing adbExec. Original error: 'Command 'C:\\Users\\Praveen\\AppData\\Local\\Android\\Sdk\\platform-tools\\adb.exe -P 5037 -s emulator-5554 install -r C:\\Users\\Praveen\\AppData\\Local\\Temp\\2020613-24916-1ulpd9i.w1dd\\appium-uiautomator2-server-debug-androidTest.apk' exited with code 1'; Stderr: 'adb: failed to install C:\Users\Praveen\AppData\Local\Temp\2020613-24916-1ulpd9i.w1dd\appium-uiautomator2-server-debug-androidTest.apk: Failure [INSTALL_PARSE_FAILED_NO_CERTIFICATES: Failed to collect certificates from /data/app/vmdl1029972389.tmp/base.apk: META-INF/CERT.SF has invalid digest for javax/annotation/meta/Exclusive.java in /data/app/vmdl1029972389.tmp/base.apk]'; Code: '1'
Build info: version: '3.141.0', revision: '2ecb7d9a', time: '2018-10-31T20:09:30'
System info: host: 'DSHYD-LAP-032', ip: '192.168.137.1', os.name: 'Windows 10', os.arch: 'amd64', os.version: '10.0', java.version: '1.8.0_201'
Driver info: driver.version: AndroidDriver
remote stacktrace: UnknownError: An unknown server-side error occurred while processing the command. Original error: Error executing adbExec. Original error: 'Command 'C:\\Users\\Praveen\\AppData\\Local\\Android\\Sdk\\platform-tools\\adb.exe -P 5037 -s emulator-5554 install -r C:\\Users\\Praveen\\AppData\\Local\\Temp\\2020613-24916-1ulpd9i.w1dd\\appium-uiautomator2-server-debug-androidTest.apk' exited with code 1'; Stderr: 'adb: failed to install C:\Users\Praveen\AppData\Local\Temp\2020613-24916-1ulpd9i.w1dd\appium-uiautomator2-server-debug-androidTest.apk: Failure [INSTALL_PARSE_FAILED_NO_CERTIFICATES: Failed to collect certificates from /data/app/vmdl1029972389.tmp/base.apk: META-INF/CERT.SF has invalid digest for javax/annotation/meta/Exclusive.java in /data/app/vmdl1029972389.tmp/base.apk]'; Code: '1'
    at getResponseForW3CError (C:\Program Files\Appium\resources\app\node_modules\appium\node_modules\appium-base-driver\lib\protocol\errors.js:804:9)
    at asyncHandler (C:\Program Files\Appium\resources\app\node_modules\appium\node_modules\appium-base-driver\lib\protocol\protocol.js:392:37)
Build info: version: '3.141.0', revision: '2ecb7d9a', time: '2018-10-31T20:09:30'
System info: host: 'DSHYD-LAP-032', ip: '192.168.137.1', os.name: 'Windows 10', os.arch: 'amd64', os.version: '10.0', java.version: '1.8.0_201'
Driver info: driver.version: AndroidDriver
at io.appium.java_client.remote.AppiumCommandExecutor$1.createSession(AppiumCommandExecutor.java:208)
at io.appium.java_client.remote.AppiumCommandExecutor.createSession(AppiumCommandExecutor.java:217)
at io.appium.java_client.remote.AppiumCommandExecutor.execute(AppiumCommandExecutor.java:239)
at org.openqa.selenium.remote.RemoteWebDriver.execute(RemoteWebDriver.java:552)
at io.appium.java_client.DefaultGenericMobileDriver.execute(DefaultGenericMobileDriver.java:41)
at io.appium.java_client.AppiumDriver.execute(AppiumDriver.java:1)
at io.appium.java_client.android.AndroidDriver.execute(AndroidDriver.java:1)
at org.openqa.selenium.remote.RemoteWebDriver.startSession(RemoteWebDriver.java:213)
at io.appium.java_client.AppiumDriver.startSession(AppiumDriver.java:336)
at org.openqa.selenium.remote.RemoteWebDriver.<init>(RemoteWebDriver.java:131)
at io.appium.java_client.DefaultGenericMobileDriver.<init>(DefaultGenericMobileDriver.java:37)
at io.appium.java_client.AppiumDriver.<init>(AppiumDriver.java:88)
at io.appium.java_client.AppiumDriver.<init>(AppiumDriver.java:98)
at io.appium.java_client.android.AndroidDriver.<init>(AndroidDriver.java:94)
at step_definitions.MobileParallel.open_the_amazon_apk_file(MobileParallel.java:56)
at java.util.concurrent.FutureTask.run(Unknown Source)
at java.util.concurrent.ThreadPoolExecutor.runWorker(Unknown Source)
at java.util.concurrent.ThreadPoolExecutor$Worker.run(Unknown Source)
at java.lang.Thread.run(Unknown Source)
at io.appium.java_client.remote.AppiumCommandExecutor$1.createSession(AppiumCommandExecutor.java:186)
... 33 more
Caused by: org.openqa.selenium.WebDriverException: An unknown server-side error occurred while processing the command. Original error: Error executing adbExec. Original error: 'Command 'C:\\Users\\Praveen\\AppData\\Local\\Android\\Sdk\\platform-tools\\adb.exe -P 5037 -s emulator-5554 install -r C:\\Users\\Praveen\\AppData\\Local\\Temp\\2020613-24916-1ulpd9i.w1dd\\appium-uiautomator2-server-debug-androidTest.apk' exited with code 1'; Stderr: 'adb: failed to install C:\Users\Praveen\AppData\Local\Temp\2020613-24916-1ulpd9i.w1dd\appium-uiautomator2-server-debug-androidTest.apk: Failure [INSTALL_PARSE_FAILED_NO_CERTIFICATES: Failed to collect certificates from /data/app/vmdl1029972389.tmp/base.apk: META-INF/CERT.SF has invalid digest for javax/annotation/meta/Exclusive.java in /data/app/vmdl1029972389.tmp/base.apk]'; Code: '1'
Build info: version: '3.141.0', revision: '2ecb7d9a', time: '2018-10-31T20:09:30'
System info: host: 'DSHYD-LAP-032', ip: '192.168.137.1', os.name: 'Windows 10', os.arch: 'amd64', os.version: '10.0', java.version: '1.8.0_201'
Driver info: driver.version: AndroidDriver
remote stacktrace: UnknownError: An unknown server-side error occurred while processing the command. Original error: Error executing adbExec. Original error: 'Command 'C:\\Users\\Praveen\\AppData\\Local\\Android\\Sdk\\platform-tools\\adb.exe -P 5037 -s emulator-5554 install -r C:\\Users\\Praveen\\AppData\\Local\\Temp\\2020613-24916-1ulpd9i.w1dd\\appium-uiautomator2-server-debug-androidTest.apk' exited with code 1'; Stderr: 'adb: failed to install C:\Users\Praveen\AppData\Local\Temp\2020613-24916-1ulpd9i.w1dd\appium-uiautomator2-server-debug-androidTest.apk: Failure [INSTALL_PARSE_FAILED_NO_CERTIFICATES: Failed to collect certificates from /data/app/vmdl1029972389.tmp/base.apk: META-INF/CERT.SF has invalid digest for javax/annotation/meta/Exclusive.java in /data/app/vmdl1029972389.tmp/base.apk]'; Code: '1'
    at getResponseForW3CError (C:\Program Files\Appium\resources\app\node_modules\appium\node_modules\appium-base-driver\lib\protocol\errors.js:804:9)
    at asyncHandler (C:\Program Files\Appium\resources\app\node_modules\appium\node_modules\appium-base-driver\lib\protocol\protocol.js:392:37)
at org.openqa.selenium.remote.W3CHandshakeResponse.lambda$errorHandler$0(W3CHandshakeResponse.java:62)
at org.openqa.selenium.remote.HandshakeResponse.lambda$getResponseFunction$0(HandshakeResponse.java:30)
at org.openqa.selenium.remote.ProtocolHandshake.lambda$createSession$0(ProtocolHandshake.java:123)
at java.util.stream.ReferencePipeline$3$1.accept(Unknown Source)
at java.util.Spliterators$ArraySpliterator.tryAdvance(Unknown Source)
at java.util.stream.ReferencePipeline.forEachWithCancel(Unknown Source)
at java.util.stream.AbstractPipeline.copyIntoWithCancel(Unknown Source)
at java.util.stream.AbstractPipeline.copyInto(Unknown Source)
at java.util.stream.AbstractPipeline.wrapAndCopyInto(Unknown Source)
at java.util.stream.FindOps$FindOp.evaluateSequential(Unknown Source)
at java.util.stream.AbstractPipeline.evaluate(Unknown Source)
at java.util.stream.ReferencePipeline.findFirst(Unknown Source)
at org.openqa.selenium.remote.ProtocolHandshake.createSession(ProtocolHandshake.java:125)
... 38 more
... Removed 24 stack frames]]>
    </failure>
  </testcase> <!-- @BeforeTest open_the_amazon_apk_file -->
</testsuite>
