<?xml version="1.0" encoding="UTF-8"?>
<!-- Generated by org.testng.reporters.JUnitXMLReporter -->
<testsuite hostname="DSHYD-LAP-032" ignored="0" name="Paralleltest1" tests="5" failures="0" timestamp="2020-07-14T17:00:12 IST" time="162.498" errors="0">
  <testcase name="open_the_amazon_apk_file" time="18.996" classname="step_definitions.MobileParallel"/>
  <testcase name="click_on_SKIP_SIGN_in_button" time="6.195" classname="step_definitions.MobileParallel"/>
  <testcase name="select_item_by_category_in_the_application" time="10.113" classname="step_definitions.MobileParallel"/>
  <testcase name="add_selected_item_to_cart_on_the_screen" time="14.047" classname="step_definitions.MobileParallel"/>
  <testcase name="verify_selected_item_is_added_to_cart_on_screen" time="113.105" classname="step_definitions.MobileParallel"/>
</testsuite> <!-- Paralleltest1 -->
